-------------------------------------------------------------------------------
Test set: com.lbs.example.employeedirectory.query.test.EmployeeFetcherTest
-------------------------------------------------------------------------------
Tests run: 1, Failures: 0, Errors: 1, Skipped: 0, Time elapsed: 0.008 s <<< FAILURE! - in com.lbs.example.employeedirectory.query.test.EmployeeFetcherTest
employees  Time elapsed: 0.006 s  <<< ERROR!
java.lang.NullPointerException
	at com.lbs.example.employeedirectory.query.test.EmployeeFetcherTest.employees(EmployeeFetcherTest.java:23)

