<?xml version="1.0" encoding="UTF-8"?>
<testsuite xmlns:xsi="http://www.w3.org/2001/XMLSchema-instance" xsi:noNamespaceSchemaLocation="https://maven.apache.org/surefire/maven-surefire-plugin/xsd/surefire-test-report.xsd" name="com.lbs.example.employeedirectory.query.test.EmployeeFetcherTest" time="0.008" tests="1" errors="1" skipped="0" failures="0">
  <properties>
[...]
</properties>
  <testcase name="employees" classname="com.lbs.example.employeedirectory.query.test.EmployeeFetcherTest" time="0.006">
    <error type="java.lang.NullPointerException">java.lang.NullPointerException
	at com.lbs.example.employeedirectory.query.test.EmployeeFetcherTest.employees(EmployeeFetcherTest.java:23)
</error>
  </testcase>
</testsuite>